<html>
<head>
<title>TestNG:  Create Marketing Census Request</title>
<link href="../testng.css" rel="stylesheet" type="text/css" />
<link href="../my-testng.css" rel="stylesheet" type="text/css" />

<style type="text/css">
.log { display: none;} 
.stack-trace { display: none;} 
</style>
<script type="text/javascript">
<!--
function flip(e) {
  current = e.style.display;
  if (current == 'block') {
    e.style.display = 'none';
    return 0;
  }
  else {
    e.style.display = 'block';
    return 1;
  }
}

function toggleBox(szDivId, elem, msg1, msg2)
{
  var res = -1;  if (document.getElementById) {
    res = flip(document.getElementById(szDivId));
  }
  else if (document.all) {
    // this is the way old msie versions work
    res = flip(document.all[szDivId]);
  }
  if(elem) {
    if(res == 0) elem.innerHTML = msg1; else elem.innerHTML = msg2;
  }

}

function toggleAllBoxes() {
  if (document.getElementsByTagName) {
    d = document.getElementsByTagName('div');
    for (i = 0; i < d.length; i++) {
      if (d[i].className == 'log') {
        flip(d[i]);
      }
    }
  }
}

// -->
</script>

</head>
<body>
<h2 align='center'>Create Marketing Census Request</h2><table border='1' align="center">
<tr>
<td>Tests passed/Failed/Skipped:</td><td>0/1/0</td>
</tr><tr>
<td>Started on:</td><td>Wed Sep 23 17:38:36 IST 2020</td>
</tr>
<tr><td>Total time:</td><td>54 seconds (54250 ms)</td>
</tr><tr>
<td>Included groups:</td><td></td>
</tr><tr>
<td>Excluded groups:</td><td></td>
</tr>
</table><p/>
<small><i>(Hover the method name to see the test class name)</i></small><p/>
<table width='100%' border='1' class='invocation-failed'>
<tr><td colspan='4' align='center'><b>FAILED TESTS</b></td></tr>
<tr><td><b>Test method</b></td>
<td width="30%"><b>Exception</b></td>
<td width="10%"><b>Time (seconds)</b></td>
<td><b>Instance</b></td>
</tr>
<tr>
<td title='DentalLOCTestCases.CreateIncumbentVendorDisruptionReport.createIncumbentVendorDisruption()'><b>createIncumbentVendorDisruption</b><br>Test class: DentalLOCTestCases.CreateIncumbentVendorDisruptionReport<br>Parameters: La Mirage Hotels and Resorts, LLC - TEST , Incumbent Vendor Disruption Report Request, Kelly<br/>
<a href="#Output-1617937669" onClick='toggleBox("Output-1617937669", this, "Show output", "Hide output");'>Show output</a>

<a href="#Output-1617937669" onClick="toggleAllBoxes();">Show all outputs</a>
<div class='log' id="Output-1617937669">
<a target="_blank" href=Wed_Sep_23_17_38_36_IST_2020.jpg>Click To See Screenshot</a><br/>
<br><br/>
<a target="_blank" href=Wed_Sep_23_17_38_36_IST_2020.jpg><img src=Wed_Sep_23_17_38_36_IST_2020.jpg height=200 width=200></img></a><br/>
</div>
</td>
<td><div><pre>java.io.IOException: Cannot run program &quot;C:\Users\Mayank\Desktop\FileUpload.exe&quot;: CreateProcess error=2, The system cannot find the file specified
	at java.lang.ProcessBuilder.start(ProcessBuilder.java:1048)
	at java.lang.Runtime.exec(Runtime.java:620)
	at java.lang.Runtime.exec(Runtime.java:450)
	at java.lang.Runtime.exec(Runtime.java:347)
	at DentalLOCTestCases.CreateIncumbentVendorDisruptionReport.createIncumbentVendorDisruption(CreateIncumbentVendorDisruptionReport.java:143)
	at java.util.ArrayList.forEach(ArrayList.java:1257)
Caused by: java.io.IOException: CreateProcess error=2, The system cannot find the file specified
	at java.lang.ProcessImpl.create(Native Method)
	at java.lang.ProcessImpl.&lt;init&gt;(ProcessImpl.java:386)
	at java.lang.ProcessImpl.start(ProcessImpl.java:137)
	at java.lang.ProcessBuilder.start(ProcessBuilder.java:1029)
	... 32 more
... Removed 27 stack frames</pre></div><a href='#' onClick='toggleBox("stack-trace1617937669", this, "Click to show all stack frames", "Click to hide stack frames")'>Click to show all stack frames</a>
<div class='stack-trace' id='stack-trace1617937669'><pre>java.io.IOException: Cannot run program &quot;C:\Users\Mayank\Desktop\FileUpload.exe&quot;: CreateProcess error=2, The system cannot find the file specified
	at java.lang.ProcessBuilder.start(ProcessBuilder.java:1048)
	at java.lang.Runtime.exec(Runtime.java:620)
	at java.lang.Runtime.exec(Runtime.java:450)
	at java.lang.Runtime.exec(Runtime.java:347)
	at DentalLOCTestCases.CreateIncumbentVendorDisruptionReport.createIncumbentVendorDisruption(CreateIncumbentVendorDisruptionReport.java:143)
	at sun.reflect.NativeMethodAccessorImpl.invoke0(Native Method)
	at sun.reflect.NativeMethodAccessorImpl.invoke(NativeMethodAccessorImpl.java:62)
	at sun.reflect.DelegatingMethodAccessorImpl.invoke(DelegatingMethodAccessorImpl.java:43)
	at java.lang.reflect.Method.invoke(Method.java:498)
	at org.testng.internal.MethodInvocationHelper.invokeMethod(MethodInvocationHelper.java:134)
	at org.testng.internal.TestInvoker.invokeMethod(TestInvoker.java:597)
	at org.testng.internal.TestInvoker.invokeTestMethod(TestInvoker.java:173)
	at org.testng.internal.MethodRunner.runInSequence(MethodRunner.java:46)
	at org.testng.internal.TestInvoker$MethodInvocationAgent.invoke(TestInvoker.java:816)
	at org.testng.internal.TestInvoker.invokeTestMethods(TestInvoker.java:146)
	at org.testng.internal.TestMethodWorker.invokeTestMethods(TestMethodWorker.java:146)
	at org.testng.internal.TestMethodWorker.run(TestMethodWorker.java:128)
	at java.util.ArrayList.forEach(ArrayList.java:1257)
	at org.testng.TestRunner.privateRun(TestRunner.java:766)
	at org.testng.TestRunner.run(TestRunner.java:587)
	at org.testng.SuiteRunner.runTest(SuiteRunner.java:384)
	at org.testng.SuiteRunner.runSequentially(SuiteRunner.java:378)
	at org.testng.SuiteRunner.privateRun(SuiteRunner.java:337)
	at org.testng.SuiteRunner.run(SuiteRunner.java:286)
	at org.testng.SuiteRunnerWorker.runSuite(SuiteRunnerWorker.java:53)
	at org.testng.SuiteRunnerWorker.run(SuiteRunnerWorker.java:96)
	at org.testng.TestNG.runSuitesSequentially(TestNG.java:1187)
	at org.testng.TestNG.runSuitesLocally(TestNG.java:1109)
	at org.testng.TestNG.runSuites(TestNG.java:1039)
	at org.testng.TestNG.run(TestNG.java:1007)
	at org.testng.remote.AbstractRemoteTestNG.run(AbstractRemoteTestNG.java:115)
	at org.testng.remote.RemoteTestNG.initAndRun(RemoteTestNG.java:251)
	at org.testng.remote.RemoteTestNG.main(RemoteTestNG.java:77)
Caused by: java.io.IOException: CreateProcess error=2, The system cannot find the file specified
	at java.lang.ProcessImpl.create(Native Method)
	at java.lang.ProcessImpl.&lt;init&gt;(ProcessImpl.java:386)
	at java.lang.ProcessImpl.start(ProcessImpl.java:137)
	at java.lang.ProcessBuilder.start(ProcessBuilder.java:1029)
	... 32 more
</pre></div></td>
<td>134</td>
<td>DentalLOCTestCases.CreateIncumbentVendorDisruptionReport@2eea88a1</td></tr>
<tr>
<td title='DentalLOCTestCases.CreateMarketingCensusRequest.createMarketingCensusRequest()'><b>createMarketingCensusRequest</b><br>Test class: DentalLOCTestCases.CreateMarketingCensusRequest<br>Parameters: La Mirage Hotels and Resorts, LLC - TEST, Marketing Census Request, Scott, Dental Renewal Marketing, All Employees (everyone on payroll), None, All Employees (everyone on payroll)<br/>
<a href="#Output-99132505" onClick='toggleBox("Output-99132505", this, "Show output", "Hide output");'>Show output</a>

<a href="#Output-99132505" onClick="toggleAllBoxes();">Show all outputs</a>
<div class='log' id="Output-99132505">
<a target="_blank" href=Wed_Sep_23_17_39_30_IST_2020.jpg>Click To See Screenshot</a><br/>
<br><br/>
<a target="_blank" href=Wed_Sep_23_17_39_30_IST_2020.jpg><img src=Wed_Sep_23_17_39_30_IST_2020.jpg height=200 width=200></img></a><br/>
</div>
</td>
<td><div><pre>org.openqa.selenium.NoSuchElementException: no such element: Unable to locate element: {&quot;method&quot;:&quot;xpath&quot;,&quot;selector&quot;:&quot;(//span[@class=&apos;dropdown-down&apos;])[1]&quot;}
  (Session info: chrome=85.0.4183.102)
For documentation on this error, please visit: http://seleniumhq.org/exceptions/no_such_element.html
Build info: version: &apos;3.5.2&apos;, revision: &apos;10229a9&apos;, time: &apos;2017-08-21T17:29:55.15Z&apos;
System info: host: &apos;DESKTOP-F13OLA2&apos;, ip: &apos;192.168.1.12&apos;, os.name: &apos;Windows 10&apos;, os.arch: &apos;amd64&apos;, os.version: &apos;10.0&apos;, java.version: &apos;1.8.0_221&apos;
Driver info: org.openqa.selenium.chrome.ChromeDriver
Capabilities [{networkConnectionEnabled=false, chrome={chromedriverVersion=85.0.4183.83 (94abc2237ae0c9a4cb5f035431c8adfb94324633-refs/branch-heads/4183@{#1658}), userDataDir=C:\Users\manin\AppData\Local\Temp\scoped_dir14208_726181096}, timeouts={implicit=0, pageLoad=300000, script=30000}, pageLoadStrategy=normal, unhandledPromptBehavior=dismiss and notify, strictFileInteractability=false, platform=ANY, proxy=Proxy(), goog:chromeOptions={debuggerAddress=localhost:55651}, acceptInsecureCerts=false, browserVersion=85.0.4183.102, browserName=chrome, javascriptEnabled=true, platformName=windows, setWindowRect=true, webauthn:virtualAuthenticators=true}]
Session ID: b9cade7b6784697221c426683e6bb371
*** Element info: {Using=xpath, value=(//span[@class=&apos;dropdown-down&apos;])[1]}
	at org.openqa.selenium.remote.http.W3CHttpResponseCodec.createException(W3CHttpResponseCodec.java:185)
	at org.openqa.selenium.remote.http.W3CHttpResponseCodec.decode(W3CHttpResponseCodec.java:120)
	at org.openqa.selenium.remote.http.W3CHttpResponseCodec.decode(W3CHttpResponseCodec.java:49)
	at org.openqa.selenium.remote.HttpCommandExecutor.execute(HttpCommandExecutor.java:164)
	at org.openqa.selenium.remote.service.DriverCommandExecutor.execute(DriverCommandExecutor.java:82)
	at org.openqa.selenium.remote.RemoteWebDriver.execute(RemoteWebDriver.java:641)
	at org.openqa.selenium.remote.RemoteWebDriver.findElement(RemoteWebDriver.java:414)
	at org.openqa.selenium.remote.RemoteWebDriver.findElementByXPath(RemoteWebDriver.java:513)
	at org.openqa.selenium.By$ByXPath.findElement(By.java:361)
	at org.openqa.selenium.remote.RemoteWebDriver.findElement(RemoteWebDriver.java:406)
	at Base.TestBase.click(TestBase.java:178)
	at DentalLOCTestCases.CreateMarketingCensusRequest.createMarketingCensusRequest(CreateMarketingCensusRequest.java:66)
	at java.util.ArrayList.forEach(ArrayList.java:1257)
... Removed 31 stack frames</pre></div><a href='#' onClick='toggleBox("stack-trace99132505", this, "Click to show all stack frames", "Click to hide stack frames")'>Click to show all stack frames</a>
<div class='stack-trace' id='stack-trace99132505'><pre>org.openqa.selenium.NoSuchElementException: no such element: Unable to locate element: {&quot;method&quot;:&quot;xpath&quot;,&quot;selector&quot;:&quot;(//span[@class=&apos;dropdown-down&apos;])[1]&quot;}
  (Session info: chrome=85.0.4183.102)
For documentation on this error, please visit: http://seleniumhq.org/exceptions/no_such_element.html
Build info: version: &apos;3.5.2&apos;, revision: &apos;10229a9&apos;, time: &apos;2017-08-21T17:29:55.15Z&apos;
System info: host: &apos;DESKTOP-F13OLA2&apos;, ip: &apos;192.168.1.12&apos;, os.name: &apos;Windows 10&apos;, os.arch: &apos;amd64&apos;, os.version: &apos;10.0&apos;, java.version: &apos;1.8.0_221&apos;
Driver info: org.openqa.selenium.chrome.ChromeDriver
Capabilities [{networkConnectionEnabled=false, chrome={chromedriverVersion=85.0.4183.83 (94abc2237ae0c9a4cb5f035431c8adfb94324633-refs/branch-heads/4183@{#1658}), userDataDir=C:\Users\manin\AppData\Local\Temp\scoped_dir14208_726181096}, timeouts={implicit=0, pageLoad=300000, script=30000}, pageLoadStrategy=normal, unhandledPromptBehavior=dismiss and notify, strictFileInteractability=false, platform=ANY, proxy=Proxy(), goog:chromeOptions={debuggerAddress=localhost:55651}, acceptInsecureCerts=false, browserVersion=85.0.4183.102, browserName=chrome, javascriptEnabled=true, platformName=windows, setWindowRect=true, webauthn:virtualAuthenticators=true}]
Session ID: b9cade7b6784697221c426683e6bb371
*** Element info: {Using=xpath, value=(//span[@class=&apos;dropdown-down&apos;])[1]}
	at sun.reflect.NativeConstructorAccessorImpl.newInstance0(Native Method)
	at sun.reflect.NativeConstructorAccessorImpl.newInstance(NativeConstructorAccessorImpl.java:62)
	at sun.reflect.DelegatingConstructorAccessorImpl.newInstance(DelegatingConstructorAccessorImpl.java:45)
	at java.lang.reflect.Constructor.newInstance(Constructor.java:423)
	at org.openqa.selenium.remote.http.W3CHttpResponseCodec.createException(W3CHttpResponseCodec.java:185)
	at org.openqa.selenium.remote.http.W3CHttpResponseCodec.decode(W3CHttpResponseCodec.java:120)
	at org.openqa.selenium.remote.http.W3CHttpResponseCodec.decode(W3CHttpResponseCodec.java:49)
	at org.openqa.selenium.remote.HttpCommandExecutor.execute(HttpCommandExecutor.java:164)
	at org.openqa.selenium.remote.service.DriverCommandExecutor.execute(DriverCommandExecutor.java:82)
	at org.openqa.selenium.remote.RemoteWebDriver.execute(RemoteWebDriver.java:641)
	at org.openqa.selenium.remote.RemoteWebDriver.findElement(RemoteWebDriver.java:414)
	at org.openqa.selenium.remote.RemoteWebDriver.findElementByXPath(RemoteWebDriver.java:513)
	at org.openqa.selenium.By$ByXPath.findElement(By.java:361)
	at org.openqa.selenium.remote.RemoteWebDriver.findElement(RemoteWebDriver.java:406)
	at Base.TestBase.click(TestBase.java:178)
	at DentalLOCTestCases.CreateMarketingCensusRequest.createMarketingCensusRequest(CreateMarketingCensusRequest.java:66)
	at sun.reflect.NativeMethodAccessorImpl.invoke0(Native Method)
	at sun.reflect.NativeMethodAccessorImpl.invoke(NativeMethodAccessorImpl.java:62)
	at sun.reflect.DelegatingMethodAccessorImpl.invoke(DelegatingMethodAccessorImpl.java:43)
	at java.lang.reflect.Method.invoke(Method.java:498)
	at org.testng.internal.MethodInvocationHelper.invokeMethod(MethodInvocationHelper.java:134)
	at org.testng.internal.TestInvoker.invokeMethod(TestInvoker.java:597)
	at org.testng.internal.TestInvoker.invokeTestMethod(TestInvoker.java:173)
	at org.testng.internal.MethodRunner.runInSequence(MethodRunner.java:46)
	at org.testng.internal.TestInvoker$MethodInvocationAgent.invoke(TestInvoker.java:816)
	at org.testng.internal.TestInvoker.invokeTestMethods(TestInvoker.java:146)
	at org.testng.internal.TestMethodWorker.invokeTestMethods(TestMethodWorker.java:146)
	at org.testng.internal.TestMethodWorker.run(TestMethodWorker.java:128)
	at java.util.ArrayList.forEach(ArrayList.java:1257)
	at org.testng.TestRunner.privateRun(TestRunner.java:766)
	at org.testng.TestRunner.run(TestRunner.java:587)
	at org.testng.SuiteRunner.runTest(SuiteRunner.java:384)
	at org.testng.SuiteRunner.runSequentially(SuiteRunner.java:378)
	at org.testng.SuiteRunner.privateRun(SuiteRunner.java:337)
	at org.testng.SuiteRunner.run(SuiteRunner.java:286)
	at org.testng.SuiteRunnerWorker.runSuite(SuiteRunnerWorker.java:53)
	at org.testng.SuiteRunnerWorker.run(SuiteRunnerWorker.java:96)
	at org.testng.TestNG.runSuitesSequentially(TestNG.java:1187)
	at org.testng.TestNG.runSuitesLocally(TestNG.java:1109)
	at org.testng.TestNG.runSuites(TestNG.java:1039)
	at org.testng.TestNG.run(TestNG.java:1007)
	at org.testng.remote.AbstractRemoteTestNG.run(AbstractRemoteTestNG.java:115)
	at org.testng.remote.RemoteTestNG.initAndRun(RemoteTestNG.java:251)
	at org.testng.remote.RemoteTestNG.main(RemoteTestNG.java:77)
</pre></div></td>
<td>53</td>
<td>DentalLOCTestCases.CreateMarketingCensusRequest@79defdc</td></tr>
<tr>
<td title='DentalLOCTestCases.CreateVendorExperience.createVendorExperience()'><b>createVendorExperience</b><br>Test class: DentalLOCTestCases.CreateVendorExperience<br>Parameters: La Mirage Hotels and Resorts, LLC - TEST, Vendor Experience, Scott, System generated email template will be populated here in editable format, Today<br/>
<a href="#Output-1520836654" onClick='toggleBox("Output-1520836654", this, "Show output", "Hide output");'>Show output</a>

<a href="#Output-1520836654" onClick="toggleAllBoxes();">Show all outputs</a>
<div class='log' id="Output-1520836654">
<a target="_blank" href=Wed_Sep_23_17_36_21_IST_2020.jpg>Click To See Screenshot</a><br/>
<br><br/>
<a target="_blank" href=Wed_Sep_23_17_36_21_IST_2020.jpg><img src=Wed_Sep_23_17_36_21_IST_2020.jpg height=200 width=200></img></a><br/>
</div>
</td>
<td><div><pre>java.io.IOException: Cannot run program &quot;C:\Users\Mayank\Desktop\FileUpload.exe&quot;: CreateProcess error=2, The system cannot find the file specified
	at java.lang.ProcessBuilder.start(ProcessBuilder.java:1048)
	at java.lang.Runtime.exec(Runtime.java:620)
	at java.lang.Runtime.exec(Runtime.java:450)
	at java.lang.Runtime.exec(Runtime.java:347)
	at DentalLOCTestCases.CreateVendorExperience.createVendorExperience(CreateVendorExperience.java:158)
	at java.util.ArrayList.forEach(ArrayList.java:1257)
Caused by: java.io.IOException: CreateProcess error=2, The system cannot find the file specified
	at java.lang.ProcessImpl.create(Native Method)
	at java.lang.ProcessImpl.&lt;init&gt;(ProcessImpl.java:386)
	at java.lang.ProcessImpl.start(ProcessImpl.java:137)
	at java.lang.ProcessBuilder.start(ProcessBuilder.java:1029)
	... 32 more
... Removed 27 stack frames</pre></div><a href='#' onClick='toggleBox("stack-trace1520836654", this, "Click to show all stack frames", "Click to hide stack frames")'>Click to show all stack frames</a>
<div class='stack-trace' id='stack-trace1520836654'><pre>java.io.IOException: Cannot run program &quot;C:\Users\Mayank\Desktop\FileUpload.exe&quot;: CreateProcess error=2, The system cannot find the file specified
	at java.lang.ProcessBuilder.start(ProcessBuilder.java:1048)
	at java.lang.Runtime.exec(Runtime.java:620)
	at java.lang.Runtime.exec(Runtime.java:450)
	at java.lang.Runtime.exec(Runtime.java:347)
	at DentalLOCTestCases.CreateVendorExperience.createVendorExperience(CreateVendorExperience.java:158)
	at sun.reflect.NativeMethodAccessorImpl.invoke0(Native Method)
	at sun.reflect.NativeMethodAccessorImpl.invoke(NativeMethodAccessorImpl.java:62)
	at sun.reflect.DelegatingMethodAccessorImpl.invoke(DelegatingMethodAccessorImpl.java:43)
	at java.lang.reflect.Method.invoke(Method.java:498)
	at org.testng.internal.MethodInvocationHelper.invokeMethod(MethodInvocationHelper.java:134)
	at org.testng.internal.TestInvoker.invokeMethod(TestInvoker.java:597)
	at org.testng.internal.TestInvoker.invokeTestMethod(TestInvoker.java:173)
	at org.testng.internal.MethodRunner.runInSequence(MethodRunner.java:46)
	at org.testng.internal.TestInvoker$MethodInvocationAgent.invoke(TestInvoker.java:816)
	at org.testng.internal.TestInvoker.invokeTestMethods(TestInvoker.java:146)
	at org.testng.internal.TestMethodWorker.invokeTestMethods(TestMethodWorker.java:146)
	at org.testng.internal.TestMethodWorker.run(TestMethodWorker.java:128)
	at java.util.ArrayList.forEach(ArrayList.java:1257)
	at org.testng.TestRunner.privateRun(TestRunner.java:766)
	at org.testng.TestRunner.run(TestRunner.java:587)
	at org.testng.SuiteRunner.runTest(SuiteRunner.java:384)
	at org.testng.SuiteRunner.runSequentially(SuiteRunner.java:378)
	at org.testng.SuiteRunner.privateRun(SuiteRunner.java:337)
	at org.testng.SuiteRunner.run(SuiteRunner.java:286)
	at org.testng.SuiteRunnerWorker.runSuite(SuiteRunnerWorker.java:53)
	at org.testng.SuiteRunnerWorker.run(SuiteRunnerWorker.java:96)
	at org.testng.TestNG.runSuitesSequentially(TestNG.java:1187)
	at org.testng.TestNG.runSuitesLocally(TestNG.java:1109)
	at org.testng.TestNG.runSuites(TestNG.java:1039)
	at org.testng.TestNG.run(TestNG.java:1007)
	at org.testng.remote.AbstractRemoteTestNG.run(AbstractRemoteTestNG.java:115)
	at org.testng.remote.RemoteTestNG.initAndRun(RemoteTestNG.java:251)
	at org.testng.remote.RemoteTestNG.main(RemoteTestNG.java:77)
Caused by: java.io.IOException: CreateProcess error=2, The system cannot find the file specified
	at java.lang.ProcessImpl.create(Native Method)
	at java.lang.ProcessImpl.&lt;init&gt;(ProcessImpl.java:386)
	at java.lang.ProcessImpl.start(ProcessImpl.java:137)
	at java.lang.ProcessBuilder.start(ProcessBuilder.java:1029)
	... 32 more
</pre></div></td>
<td>155</td>
<td>DentalLOCTestCases.CreateVendorExperience@7d7758be</td></tr>
</table><p>
<table width='100%' border='1' class='invocation-passed'>
<tr><td colspan='4' align='center'><b>PASSED TESTS</b></td></tr>
<tr><td><b>Test method</b></td>
<td width="30%"><b>Exception</b></td>
<td width="10%"><b>Time (seconds)</b></td>
<td><b>Instance</b></td>
</tr>
<tr>
<td title='DentalLOCTestCases.CreateRFP.createRFP()'><b>createRFP</b><br>Test class: DentalLOCTestCases.CreateRFP<br>Parameters: La Mirage Hotels and Resorts, LLC - TEST, Dental, DHMO, DHMO Plan, Financial, 21.0, 22.0, CIGNA, Test Notes<br/>
<a href="#Output-422134367" onClick='toggleBox("Output-422134367", this, "Show output", "Hide output");'>Show output</a>

<a href="#Output-422134367" onClick="toggleAllBoxes();">Show all outputs</a>
<div class='log' id="Output-422134367">
<a target="_blank" href=Wed_Sep_23_17_32_39_IST_2020.jpg>Click To See Screenshot</a><br/>
<br><br/>
<a target="_blank" href=Wed_Sep_23_17_32_39_IST_2020.jpg><img src=Wed_Sep_23_17_32_39_IST_2020.jpg height=200 width=200></img></a><br/>
</div>
</td>
<td></td>
<td>134</td>
<td>DentalLOCTestCases.CreateRFP@6cc4cdb9</td></tr>
<tr>
<td title='TestCases.LoginTestProcessAssociate.loginToLockTon()'><b>loginToLockTon</b><br>Test class: TestCases.LoginTestProcessAssociate<br/>
<a href="#Output-1927499639" onClick='toggleBox("Output-1927499639", this, "Show output", "Hide output");'>Show output</a>

<a href="#Output-1927499639" onClick="toggleAllBoxes();">Show all outputs</a>
<div class='log' id="Output-1927499639">
Login Successfully<br/>
<a target="_blank" href=Wed_Sep_23_17_30_24_IST_2020.jpg>Click To See Screenshot</a><br/>
<br><br/>
<a target="_blank" href=Wed_Sep_23_17_30_24_IST_2020.jpg><img src=Wed_Sep_23_17_30_24_IST_2020.jpg height=200 width=200></img></a><br/>
</div>
</td>
<td></td>
<td>7</td>
<td>TestCases.LoginTestProcessAssociate@13d73f29</td></tr>
<tr>
<td title='DentalLOCTestCases.RfpDataRequestConfirmation.rfpDataRequestConfirmation()'><b>rfpDataRequestConfirmation</b><br>Test class: DentalLOCTestCases.RfpDataRequestConfirmation<br>Parameters: La Mirage Hotels and Resorts, LLC - TEST , RFP to Marketing Presentation Creation<br/>
<a href="#Output-546446235" onClick='toggleBox("Output-546446235", this, "Show output", "Hide output");'>Show output</a>

<a href="#Output-546446235" onClick="toggleAllBoxes();">Show all outputs</a>
<div class='log' id="Output-546446235">
<a target="_blank" href=Wed_Sep_23_17_33_45_IST_2020.jpg>Click To See Screenshot</a><br/>
<br><br/>
<a target="_blank" href=Wed_Sep_23_17_33_45_IST_2020.jpg><img src=Wed_Sep_23_17_33_45_IST_2020.jpg height=200 width=200></img></a><br/>
</div>
</td>
<td></td>
<td>65</td>
<td>DentalLOCTestCases.RfpDataRequestConfirmation@7d9f158f</td></tr>
</table><p>
</body>
</html>